Сборка начата 07.12.2022 04:03:44.
Уровень детализации журнала: Normal.     1>Проект "D:\лабы\опи\fignia\ConsoleApplication1\ConsoleApplication1.vcxproj" в узле 2 (целевые объекты Build).
     1>InitializeBuildStatus:
         Создание "x64\Debug\ConsoleA.3d08c3d3.tlog\unsuccessfulbuild", так как было задано "AlwaysCreate".
       ClCompile:
         C:\Program Files\Microsoft Visual Studio\2022\Community\VC\Tools\MSVC\14.33.31629\bin\HostX64\x64\CL.exe /c /ZI /JMC /nologo /W3 /WX- /diagnostics:column /sdl /Od /D _DEBUG /D _CONSOLE /D _UNICODE /D UNICODE /Gm- /EHsc /RTC1 /MDd /GS /fp:precise /Zc:wchar_t /Zc:forScope /Zc:inline /permissive- /Fo"x64\Debug\\" /Fd"x64\Debug\vc143.pdb" /external:W3 /Gd /TP /FC /errorReport:prompt ConsoleApplication1.cpp
         ConsoleApplication1.cpp
     1>D:\лабы\опи\fignia\ConsoleApplication1\ConsoleApplication1.cpp(21,19): warning C4267: =: преобразование из "size_t" в "int"; возможна потеря данных
     1>D:\лабы\опи\fignia\ConsoleApplication1\ConsoleApplication1.cpp(22,21): warning C4267: =: преобразование из "size_t" в "int"; возможна потеря данных
       Link:
         C:\Program Files\Microsoft Visual Studio\2022\Community\VC\Tools\MSVC\14.33.31629\bin\HostX64\x64\link.exe /ERRORREPORT:PROMPT /OUT:"D:\лабы\опи\fignia\x64\Debug\ConsoleApplication1.exe" /INCREMENTAL /ILK:"x64\Debug\ConsoleApplication1.ilk" /NOLOGO kernel32.lib user32.lib gdi32.lib winspool.lib comdlg32.lib advapi32.lib shell32.lib ole32.lib oleaut32.lib uuid.lib odbc32.lib odbccp32.lib /MANIFEST /MANIFESTUAC:"level='asInvoker' uiAccess='false'" /manifest:embed /DEBUG /PDB:"D:\лабы\опи\fignia\x64\Debug\ConsoleApplication1.pdb" /SUBSYSTEM:CONSOLE /TLBID:1 /DYNAMICBASE /NXCOMPAT /IMPLIB:"D:\лабы\опи\fignia\x64\Debug\ConsoleApplication1.lib" /MACHINE:X64 x64\Debug\ConsoleApplication1.obj
         ConsoleApplication1.vcxproj -> D:\лабы\опи\fignia\x64\Debug\ConsoleApplication1.exe
       FinalizeBuildStatus:
         Файл "x64\Debug\ConsoleA.3d08c3d3.tlog\unsuccessfulbuild" удаляется.
         Обращение к "x64\Debug\ConsoleA.3d08c3d3.tlog\ConsoleApplication1.lastbuildstate".
     1>Сборка проекта "D:\лабы\опи\fignia\ConsoleApplication1\ConsoleApplication1.vcxproj" завершена (целевые объекты Build).

Сборка успешно завершена.

       "D:\лабы\опи\fignia\ConsoleApplication1\ConsoleApplication1.vcxproj" (целевой объект Build ) (1) ->
       (Целевой объект ClCompile) -> 
         D:\лабы\опи\fignia\ConsoleApplication1\ConsoleApplication1.cpp(21,19): warning C4267: =: преобразование из "size_t" в "int"; возможна потеря данных
         D:\лабы\опи\fignia\ConsoleApplication1\ConsoleApplication1.cpp(22,21): warning C4267: =: преобразование из "size_t" в "int"; возможна потеря данных

    Предупреждений: 2
    Ошибок: 0

Прошло времени 00:00:01.57
