Сборка начата 16.11.2022 16:38:09.
Уровень детализации журнала: Normal.     1>Проект "D:\лабы\опи\laba8\laba8\laba8.vcxproj" в узле 2 (целевые объекты Build).
     1>InitializeBuildStatus:
         Создание "Debug\laba8.tlog\unsuccessfulbuild", так как было задано "AlwaysCreate".
       ClCompile:
         C:\Program Files\Microsoft Visual Studio\2022\Community\VC\Tools\MSVC\14.33.31629\bin\HostX86\x86\CL.exe /c /ZI /JMC /nologo /W3 /WX- /diagnostics:column /sdl /Od /Oy- /D WIN32 /D _DEBUG /D _CONSOLE /D _UNICODE /D UNICODE /Gm- /EHsc /RTC1 /MDd /GS /fp:precise /Zc:wchar_t /Zc:forScope /Zc:inline /permissive- /Fo"Debug\\" /Fd"Debug\vc143.pdb" /external:W3 /Gd /TP /analyze- /FC /errorReport:prompt laba8.cpp
         laba8.cpp
       Link:
         C:\Program Files\Microsoft Visual Studio\2022\Community\VC\Tools\MSVC\14.33.31629\bin\HostX86\x86\link.exe /ERRORREPORT:PROMPT /OUT:"D:\лабы\опи\laba8\Debug\laba8.exe" /INCREMENTAL /ILK:"Debug\laba8.ilk" /NOLOGO kernel32.lib user32.lib gdi32.lib winspool.lib comdlg32.lib advapi32.lib shell32.lib ole32.lib oleaut32.lib uuid.lib odbc32.lib odbccp32.lib /MANIFEST /MANIFESTUAC:"level='asInvoker' uiAccess='false'" /manifest:embed /DEBUG /PDB:"D:\лабы\опи\laba8\Debug\laba8.pdb" /SUBSYSTEM:CONSOLE /TLBID:1 /DYNAMICBASE /NXCOMPAT /IMPLIB:"D:\лабы\опи\laba8\Debug\laba8.lib" /MACHINE:X86 Debug\file_mul.obj
         Debug\file_sum.obj
         Debug\laba8.obj
         laba8.vcxproj -> D:\лабы\опи\laba8\Debug\laba8.exe
       FinalizeBuildStatus:
         Файл "Debug\laba8.tlog\unsuccessfulbuild" удаляется.
         Обращение к "Debug\laba8.tlog\laba8.lastbuildstate".
     1>Сборка проекта "D:\лабы\опи\laba8\laba8\laba8.vcxproj" завершена (целевые объекты Build).

Сборка успешно завершена.
    Предупреждений: 0
    Ошибок: 0

Прошло времени 00:00:01.79
