Сборка начата 09.11.2022 16:59:11.
Уровень детализации журнала: Normal.     1>Проект "D:\лабы\опи\laba7\laba7\laba7.vcxproj" в узле 2 (целевые объекты Build).
     1>InitializeBuildStatus:
         Создание "x64\Debug\laba7.tlog\unsuccessfulbuild", так как было задано "AlwaysCreate".
       ClCompile:
         C:\Program Files\Microsoft Visual Studio\2022\Community\VC\Tools\MSVC\14.33.31629\bin\HostX64\x64\CL.exe /c /ZI /JMC /nologo /W3 /WX- /diagnostics:column /sdl /Od /D _DEBUG /D _CONSOLE /D _UNICODE /D UNICODE /Gm- /EHsc /RTC1 /MDd /GS /fp:precise /Zc:wchar_t /Zc:forScope /Zc:inline /permissive- /Fo"x64\Debug\\" /Fd"x64\Debug\vc143.pdb" /external:W3 /Gd /TP /FC /errorReport:prompt laba7.cpp latin_letter.cpp number_code.cpp ru_letter.cpp
         laba7.cpp
         latin_letter.cpp
         number_code.cpp
         ru_letter.cpp
         Создание кода...
       Link:
         C:\Program Files\Microsoft Visual Studio\2022\Community\VC\Tools\MSVC\14.33.31629\bin\HostX64\x64\link.exe /ERRORREPORT:PROMPT /OUT:"D:\лабы\опи\laba7\x64\Debug\laba7.exe" /INCREMENTAL /ILK:"x64\Debug\laba7.ilk" /NOLOGO kernel32.lib user32.lib gdi32.lib winspool.lib comdlg32.lib advapi32.lib shell32.lib ole32.lib oleaut32.lib uuid.lib odbc32.lib odbccp32.lib /MANIFEST /MANIFESTUAC:"level='asInvoker' uiAccess='false'" /manifest:embed /DEBUG /PDB:"D:\лабы\опи\laba7\x64\Debug\laba7.pdb" /SUBSYSTEM:CONSOLE /TLBID:1 /DYNAMICBASE /NXCOMPAT /IMPLIB:"D:\лабы\опи\laba7\x64\Debug\laba7.lib" /MACHINE:X64 x64\Debug\laba7.obj
         x64\Debug\latin_letter.obj
         x64\Debug\ru_letter.obj
         x64\Debug\number_code.obj
         laba7.vcxproj -> D:\лабы\опи\laba7\x64\Debug\laba7.exe
       FinalizeBuildStatus:
         Файл "x64\Debug\laba7.tlog\unsuccessfulbuild" удаляется.
         Обращение к "x64\Debug\laba7.tlog\laba7.lastbuildstate".
     1>Сборка проекта "D:\лабы\опи\laba7\laba7\laba7.vcxproj" завершена (целевые объекты Build).

Сборка успешно завершена.
    Предупреждений: 0
    Ошибок: 0

Прошло времени 00:00:03.59
