Сборка начата 09.11.2022 17:50:30.
Уровень детализации журнала: Normal.     1>Проект "D:\лабы\опи\laba7\utf8\utf8.vcxproj" в узле 2 (целевые объекты Build).
     1>InitializeBuildStatus:
         Создание "x64\Debug\utf8.tlog\unsuccessfulbuild", так как было задано "AlwaysCreate".
       ClCompile:
         C:\Program Files\Microsoft Visual Studio\2022\Community\VC\Tools\MSVC\14.33.31629\bin\HostX64\x64\CL.exe /c /ZI /JMC /nologo /W3 /WX- /diagnostics:column /sdl /Od /D _DEBUG /D _CONSOLE /D _UNICODE /D UNICODE /Gm- /EHsc /RTC1 /MDd /GS /fp:precise /Zc:wchar_t /Zc:forScope /Zc:inline /permissive- /Fo"x64\Debug\\" /Fd"x64\Debug\vc143.pdb" /external:W3 /Gd /TP /FC /errorReport:prompt utf8.cpp
         utf8.cpp
     1>D:\лабы\опи\laba7\utf8\utf8.cpp(5,12): warning C4091: : пропускается слева от "std::basic_string<char,std::char_traits<char>,std::allocator<char>>", когда ни одна переменная не объявлена
       Link:
         C:\Program Files\Microsoft Visual Studio\2022\Community\VC\Tools\MSVC\14.33.31629\bin\HostX64\x64\link.exe /ERRORREPORT:PROMPT /OUT:"D:\лабы\опи\laba7\x64\Debug\utf8.exe" /INCREMENTAL /ILK:"x64\Debug\utf8.ilk" /NOLOGO kernel32.lib user32.lib gdi32.lib winspool.lib comdlg32.lib advapi32.lib shell32.lib ole32.lib oleaut32.lib uuid.lib odbc32.lib odbccp32.lib /MANIFEST /MANIFESTUAC:"level='asInvoker' uiAccess='false'" /manifest:embed /DEBUG /PDB:"D:\лабы\опи\laba7\x64\Debug\utf8.pdb" /SUBSYSTEM:CONSOLE /TLBID:1 /DYNAMICBASE /NXCOMPAT /IMPLIB:"D:\лабы\опи\laba7\x64\Debug\utf8.lib" /MACHINE:X64 x64\Debug\utf8.obj
         utf8.vcxproj -> D:\лабы\опи\laba7\x64\Debug\utf8.exe
       FinalizeBuildStatus:
         Файл "x64\Debug\utf8.tlog\unsuccessfulbuild" удаляется.
         Обращение к "x64\Debug\utf8.tlog\utf8.lastbuildstate".
     1>Сборка проекта "D:\лабы\опи\laba7\utf8\utf8.vcxproj" завершена (целевые объекты Build).

Сборка успешно завершена.

       "D:\лабы\опи\laba7\utf8\utf8.vcxproj" (целевой объект Build ) (1) ->
       (Целевой объект ClCompile) -> 
         D:\лабы\опи\laba7\utf8\utf8.cpp(5,12): warning C4091: : пропускается слева от "std::basic_string<char,std::char_traits<char>,std::allocator<char>>", когда ни одна переменная не объявлена

    Предупреждений: 1
    Ошибок: 0

Прошло времени 00:00:01.31
